#-----------------------------------------------------------
# Vivado v2018.2 (64-bit)
# SW Build 2258646 on Thu Jun 14 20:02:38 MDT 2018
# IP Build 2256618 on Thu Jun 14 22:10:49 MDT 2018
# Start of session at: Wed Oct 10 11:19:13 2018
# Process ID: 3091
# Current directory: /home/comparch/Documents/Lab2
# Command line: vivado
# Log file: /home/comparch/Documents/Lab2/vivado.log
# Journal file: /home/comparch/Documents/Lab2/vivado.jou
#-----------------------------------------------------------
start_gui
create_project project_1 /home/comparch/Documents/Lab2/project_1 -part xc7z010clg400-1
INFO: [IP_Flow 19-234] Refreshing IP repositories
INFO: [IP_Flow 19-1704] No user IP repositories specified
INFO: [IP_Flow 19-2313] Loaded Vivado IP repository '/opt/Xilinx/Vivado/2018.2/data/ip'.
create_project: Time (s): cpu = 00:00:12 ; elapsed = 00:00:21 . Memory (MB): peak = 5971.438 ; gain = 76.504 ; free physical = 1793 ; free virtual = 4299
set_property board_part digilentinc.com:zybo:part0:1.0 [current_project]
add_files -fileset constrs_1 -norecurse /home/comparch/Documents/Lab2/project_1/ZYBO_Master.xdc
import_files -fileset constrs_1 /home/comparch/Documents/Lab2/project_1/ZYBO_Master.xdc
import_files -norecurse /home/comparch/Documents/Lab2/wrapper.v
update_compile_order -fileset sources_1
exit
