#-----------------------------------------------------------
# Vivado v2018.2 (64-bit)
# SW Build 2258646 on Thu Jun 14 20:02:38 MDT 2018
# IP Build 2256618 on Thu Jun 14 22:10:49 MDT 2018
# Start of session at: Wed Oct 10 21:29:28 2018
# Process ID: 3419
# Current directory: /home/comparch/Documents/Lab2
# Command line: vivado
# Log file: /home/comparch/Documents/Lab2/vivado.log
# Journal file: /home/comparch/Documents/Lab2/vivado.jou
#-----------------------------------------------------------
start_gui
create_project project_1 /home/comparch/Documents/Lab2/project_1 -part xc7z010clg400-1
INFO: [IP_Flow 19-234] Refreshing IP repositories
INFO: [IP_Flow 19-1704] No user IP repositories specified
INFO: [IP_Flow 19-2313] Loaded Vivado IP repository '/opt/Xilinx/Vivado/2018.2/data/ip'.
create_project: Time (s): cpu = 00:00:13 ; elapsed = 00:00:21 . Memory (MB): peak = 5977.297 ; gain = 0.000 ; free physical = 1774 ; free virtual = 4105
set_property board_part digilentinc.com:zybo:part0:1.0 [current_project]
add_files -norecurse {/home/comparch/Documents/Lab2/inputconditioner.v /home/comparch/Documents/Lab2/wrapper.v /home/comparch/Documents/Lab2/shiftregister.v}
import_files -force -norecurse
INFO: [filemgmt 20-348] Importing the appropriate files for fileset: 'sources_1'
import_files -fileset constrs_1 -force -norecurse /home/comparch/ZYBO_Master.xdc
update_compile_order -fileset sources_1
set_property source_mgmt_mode All [current_project]
